[1m============================= test session starts ==============================[0m
platform linux -- Python 3.10.6, pytest-8.3.3, pluggy-1.5.0 -- /home/mohammed/.pyenv/versions/3.10.6/envs/taxifare1-env/bin/python
cachedir: .pytest_cache
rootdir: /home/mohammed/code/mhmdalshawaf/data-train-at-scale/tests
configfile: pytest_kitt.ini
[1mcollecting ... [0mcollected 8 items / 2 deselected / 6 selected

tests/train_at_scale/test_clean.py::test_clean_data [32mPASSED[0m[33m               [ 16%][0m
tests/train_at_scale/test_main_local.py::TestMainLocal::test_route_preprocess_and_train [32mPASSED[0m[33m [ 33%][0m
tests/train_at_scale/test_main_local.py::TestMainLocal::test_route_pred [32mPASSED[0m[33m [ 50%][0m
tests/train_at_scale/test_model.py::test_model_can_fit [32mPASSED[0m[33m            [ 66%][0m
tests/train_at_scale/test_notebook.py::TestNotebook::test_y_pred [32mPASSED[0m[33m  [ 83%][0m
tests/train_at_scale/test_processor_pipeline.py::test_preprocess_features [32mPASSED[0m[33m [100%][0m

[33m================= [32m6 passed[0m, [33m[1m2 deselected[0m, [33m[1m14 warnings[0m[33m in 9.91s[0m[33m =================[0m
